Compiling the C compiler identification source file "CMakeCCompilerId.c" failed.
Compiler: /Library/Developer/CommandLineTools/usr/bin/cc 
Build flags: 
Id flags:  

The output was:
1
ld: library not found for -lSystem
clang: error: linker command failed with exit code 1 (use -v to see invocation)


Compiling the CXX compiler identification source file "CMakeCXXCompilerId.cpp" failed.
Compiler: /Library/Developer/CommandLineTools/usr/bin/c++ 
Build flags: 
Id flags:  

The output was:
1
ld: library not found for -lc++
clang: error: linker command failed with exit code 1 (use -v to see invocation)


The MPI test test_mpi for C in mode normal failed to compile with the following output:
Change Dir: /Users/natasamihaleva/NSU_OPP/Task1/cmake-build-debug/CMakeFiles/CMakeTmp

Run Build Command(s):/Applications/CLion.app/Contents/bin/ninja/mac/ninja cmTC_fe096 && [1/2] Building C object CMakeFiles/cmTC_fe096.dir/test_mpi.c.o
FAILED: CMakeFiles/cmTC_fe096.dir/test_mpi.c.o 
/Library/Developer/CommandLineTools/usr/bin/cc   -arch arm64 -isysroot /Library/Developer/CommandLineTools/SDKs/MacOSX12.3.sdk -MD -MT CMakeFiles/cmTC_fe096.dir/test_mpi.c.o -MF CMakeFiles/cmTC_fe096.dir/test_mpi.c.o.d -o CMakeFiles/cmTC_fe096.dir/test_mpi.c.o -c /Applications/CLion.app/Contents/bin/cmake/mac/share/cmake-3.23/Modules/FindMPI/test_mpi.c
/Applications/CLion.app/Contents/bin/cmake/mac/share/cmake-3.23/Modules/FindMPI/test_mpi.c:1:10: fatal error: 'mpi.h' file not found
#include <mpi.h>
         ^~~~~~~
1 error generated.
ninja: build stopped: subcommand failed.



The MPI test test_mpi for CXX in mode normal failed to compile with the following output:
Change Dir: /Users/natasamihaleva/NSU_OPP/Task1/cmake-build-debug/CMakeFiles/CMakeTmp

Run Build Command(s):/Applications/CLion.app/Contents/bin/ninja/mac/ninja cmTC_bfc5d && [1/2] Building CXX object CMakeFiles/cmTC_bfc5d.dir/test_mpi.cpp.o
FAILED: CMakeFiles/cmTC_bfc5d.dir/test_mpi.cpp.o 
/Library/Developer/CommandLineTools/usr/bin/c++   -arch arm64 -isysroot /Library/Developer/CommandLineTools/SDKs/MacOSX12.3.sdk -std=gnu++14 -MD -MT CMakeFiles/cmTC_bfc5d.dir/test_mpi.cpp.o -MF CMakeFiles/cmTC_bfc5d.dir/test_mpi.cpp.o.d -o CMakeFiles/cmTC_bfc5d.dir/test_mpi.cpp.o -c /Users/natasamihaleva/NSU_OPP/Task1/cmake-build-debug/CMakeFiles/FindMPI/test_mpi.cpp
/Users/natasamihaleva/NSU_OPP/Task1/cmake-build-debug/CMakeFiles/FindMPI/test_mpi.cpp:1:10: fatal error: 'mpi.h' file not found
#include <mpi.h>
         ^~~~~~~
1 error generated.
ninja: build stopped: subcommand failed.



The MPI test test_mpi for C in mode normal failed to compile with the following output:
Change Dir: /Users/natasamihaleva/NSU_OPP/Task1/cmake-build-debug/CMakeFiles/CMakeTmp

Run Build Command(s):/Applications/CLion.app/Contents/bin/ninja/mac/ninja cmTC_61a5b && [1/2] Building C object CMakeFiles/cmTC_61a5b.dir/test_mpi.c.o
FAILED: CMakeFiles/cmTC_61a5b.dir/test_mpi.c.o 
/Library/Developer/CommandLineTools/usr/bin/cc   -arch arm64 -isysroot /Library/Developer/CommandLineTools/SDKs/MacOSX12.3.sdk -MD -MT CMakeFiles/cmTC_61a5b.dir/test_mpi.c.o -MF CMakeFiles/cmTC_61a5b.dir/test_mpi.c.o.d -o CMakeFiles/cmTC_61a5b.dir/test_mpi.c.o -c /Applications/CLion.app/Contents/bin/cmake/mac/share/cmake-3.23/Modules/FindMPI/test_mpi.c
/Applications/CLion.app/Contents/bin/cmake/mac/share/cmake-3.23/Modules/FindMPI/test_mpi.c:1:10: fatal error: 'mpi.h' file not found
#include <mpi.h>
         ^~~~~~~
1 error generated.
ninja: build stopped: subcommand failed.



The MPI test test_mpi for CXX in mode normal failed to compile with the following output:
Change Dir: /Users/natasamihaleva/NSU_OPP/Task1/cmake-build-debug/CMakeFiles/CMakeTmp

Run Build Command(s):/Applications/CLion.app/Contents/bin/ninja/mac/ninja cmTC_4606c && [1/2] Building CXX object CMakeFiles/cmTC_4606c.dir/test_mpi.cpp.o
FAILED: CMakeFiles/cmTC_4606c.dir/test_mpi.cpp.o 
/Library/Developer/CommandLineTools/usr/bin/c++   -arch arm64 -isysroot /Library/Developer/CommandLineTools/SDKs/MacOSX12.3.sdk -std=gnu++14 -MD -MT CMakeFiles/cmTC_4606c.dir/test_mpi.cpp.o -MF CMakeFiles/cmTC_4606c.dir/test_mpi.cpp.o.d -o CMakeFiles/cmTC_4606c.dir/test_mpi.cpp.o -c /Users/natasamihaleva/NSU_OPP/Task1/cmake-build-debug/CMakeFiles/FindMPI/test_mpi.cpp
/Users/natasamihaleva/NSU_OPP/Task1/cmake-build-debug/CMakeFiles/FindMPI/test_mpi.cpp:1:10: fatal error: 'mpi.h' file not found
#include <mpi.h>
         ^~~~~~~
1 error generated.
ninja: build stopped: subcommand failed.



The MPI test test_mpi for C in mode normal failed to compile with the following output:
Change Dir: /Users/natasamihaleva/NSU_OPP/Task1/cmake-build-debug/CMakeFiles/CMakeTmp

Run Build Command(s):/Applications/CLion.app/Contents/bin/ninja/mac/ninja cmTC_cde96 && [1/2] Building C object CMakeFiles/cmTC_cde96.dir/test_mpi.c.o
FAILED: CMakeFiles/cmTC_cde96.dir/test_mpi.c.o 
/Library/Developer/CommandLineTools/usr/bin/cc   -arch arm64 -isysroot /Library/Developer/CommandLineTools/SDKs/MacOSX12.3.sdk -MD -MT CMakeFiles/cmTC_cde96.dir/test_mpi.c.o -MF CMakeFiles/cmTC_cde96.dir/test_mpi.c.o.d -o CMakeFiles/cmTC_cde96.dir/test_mpi.c.o -c /Applications/CLion.app/Contents/bin/cmake/mac/share/cmake-3.23/Modules/FindMPI/test_mpi.c
/Applications/CLion.app/Contents/bin/cmake/mac/share/cmake-3.23/Modules/FindMPI/test_mpi.c:1:10: fatal error: 'mpi.h' file not found
#include <mpi.h>
         ^~~~~~~
1 error generated.
ninja: build stopped: subcommand failed.



The MPI test test_mpi for CXX in mode normal failed to compile with the following output:
Change Dir: /Users/natasamihaleva/NSU_OPP/Task1/cmake-build-debug/CMakeFiles/CMakeTmp

Run Build Command(s):/Applications/CLion.app/Contents/bin/ninja/mac/ninja cmTC_7eb29 && [1/2] Building CXX object CMakeFiles/cmTC_7eb29.dir/test_mpi.cpp.o
FAILED: CMakeFiles/cmTC_7eb29.dir/test_mpi.cpp.o 
/Library/Developer/CommandLineTools/usr/bin/c++   -arch arm64 -isysroot /Library/Developer/CommandLineTools/SDKs/MacOSX12.3.sdk -std=gnu++14 -MD -MT CMakeFiles/cmTC_7eb29.dir/test_mpi.cpp.o -MF CMakeFiles/cmTC_7eb29.dir/test_mpi.cpp.o.d -o CMakeFiles/cmTC_7eb29.dir/test_mpi.cpp.o -c /Users/natasamihaleva/NSU_OPP/Task1/cmake-build-debug/CMakeFiles/FindMPI/test_mpi.cpp
/Users/natasamihaleva/NSU_OPP/Task1/cmake-build-debug/CMakeFiles/FindMPI/test_mpi.cpp:1:10: fatal error: 'mpi.h' file not found
#include <mpi.h>
         ^~~~~~~
1 error generated.
ninja: build stopped: subcommand failed.



